[INFO] Server started at 08:00
[INFO] User logged in
[ERROR] Failed to connect to database
[WARNING] Disk space low
[ERROR] Timeout while processing request
[INFO] Backup completed
[INFO] Server started at 08:00
[INFO] User logged in
[ERROR] Failed to connect to database
[WARNING] Disk space low
[INFO] User logged in
[WARNING] Server started at 08:00
[ERROR] User logged in
[INFO] Server started at 08:00
[INFO] Server started at 08:00
[ERROR] Failed to connect to database
[ERROR] Failed to connect to database
[INFO] Server started at 08:00
[INFO] User logged in
[ERROR] Failed to connect to database
[WARNING] Disk space low
[INFO] Backup completed
[ERROR] Failed to connect to database
[INFO] User logged in
[INFO] Server started at 08:00
[INFO] Server started at 08:00
[ERROR] Failed to connect to database
[WARNING] Disk space low
